<?xml version="1.0" encoding="UTF-8"?>
<testsuite xmlns:xsi="http://www.w3.org/2001/XMLSchema-instance" xsi:noNamespaceSchemaLocation="https://maven.apache.org/surefire/maven-surefire-plugin/xsd/surefire-test-report-3.0.xsd" version="3.0" name="com.alcashop.product_service.ProductServiceApplicationTests" time="1.191" tests="1" errors="1" skipped="0" failures="0">
  <properties>
[...]
</properties>
  <testcase name="" classname="com.alcashop.product_service.ProductServiceApplicationTests" time="1.191">
    <error message="Could not find a valid Docker environment. Please see logs and check configuration" type="java.lang.IllegalStateException"><![CDATA[java.lang.IllegalStateException: Could not find a valid Docker environment. Please see logs and check configuration
	at org.testcontainers.dockerclient.DockerClientProviderStrategy.lambda$getFirstValidStrategy$7(DockerClientProviderStrategy.java:277)
	at java.base/java.util.Optional.orElseThrow(Optional.java:403)
	at org.testcontainers.dockerclient.DockerClientProviderStrategy.getFirstValidStrategy(DockerClientProviderStrategy.java:268)
	at org.testcontainers.DockerClientFactory.getOrInitializeStrategy(DockerClientFactory.java:152)
	at org.testcontainers.DockerClientFactory.client(DockerClientFactory.java:194)
	at org.testcontainers.DockerClientFactory$1.getDockerClient(DockerClientFactory.java:106)
	at com.github.dockerjava.api.DockerClientDelegate.authConfig(DockerClientDelegate.java:109)
	at org.testcontainers.containers.GenericContainer.start(GenericContainer.java:329)
	at org.testcontainers.junit.jupiter.TestcontainersExtension$StoreAdapter.start(TestcontainersExtension.java:280)
	at org.testcontainers.junit.jupiter.TestcontainersExtension$StoreAdapter.access$200(TestcontainersExtension.java:267)
	at org.testcontainers.junit.jupiter.TestcontainersExtension.lambda$null$4(TestcontainersExtension.java:82)
	at org.testcontainers.junit.jupiter.TestcontainersExtension.lambda$startContainers$5(TestcontainersExtension.java:82)
	at java.base/java.util.ArrayList.forEach(ArrayList.java:1596)
	at org.testcontainers.junit.jupiter.TestcontainersExtension.startContainers(TestcontainersExtension.java:82)
	at org.testcontainers.junit.jupiter.TestcontainersExtension.beforeAll(TestcontainersExtension.java:56)
	at java.base/java.util.ArrayList.forEach(ArrayList.java:1596)
]]></error>
    <system-out><![CDATA[16:33:37.580 [main] INFO org.springframework.test.context.support.AnnotationConfigContextLoaderUtils -- Could not detect default configuration classes for test class [com.alcashop.product_service.ProductServiceApplicationTests]: ProductServiceApplicationTests does not declare any static, non-private, non-final, nested classes annotated with @Configuration.
16:33:37.782 [main] INFO org.springframework.boot.test.context.SpringBootTestContextBootstrapper -- Found @SpringBootConfiguration com.alcashop.product_service.ProductServiceApplication for test class com.alcashop.product_service.ProductServiceApplicationTests
16:33:38.003 [main] INFO org.testcontainers.images.PullPolicy -- Image pull policy will be performed by: DefaultPullPolicy()
16:33:38.008 [main] INFO org.testcontainers.utility.ImageNameSubstitutor -- Image name substitution will be performed by: DefaultImageNameSubstitutor (composite of 'ConfigurationFileImageNameSubstitutor' and 'PrefixingImageNameSubstitutor')
16:33:38.465 [main] INFO org.testcontainers.dockerclient.DockerClientProviderStrategy -- Loaded org.testcontainers.dockerclient.NpipeSocketClientProviderStrategy from ~/.testcontainers.properties, will try it first
16:33:38.476 [main] INFO org.testcontainers.dockerclient.DockerMachineClientProviderStrategy -- docker-machine executable was not found on PATH ([C:\Python312\Scripts\, C:\Python312\, C:\Program Files\Microsoft\jdk-11.0.12.7-hotspot\bin, C:\Program Files\Common Files\Oracle\Java\javapath, C:\Windows\system32, C:\Windows, C:\Windows\System32\Wbem, C:\Windows\System32\WindowsPowerShell\v1.0\, C:\Windows\System32\OpenSSH\, C:\Program Files\Git\cmd, C:\ProgramData\chocolatey\bin, C:\Program Files\dotnet\, C:\Program Files\PuTTY\, c:\mingw64, c:\mingw64\bin, C:\Program Files\Microsoft SQL Server\150\Tools\Binn\, C:\Program Files\Microsoft SQL Server\Client SDK\ODBC\170\Tools\Binn\, C:\tools\gsudo\Current, C:\Program Files\MySQL\MySQL Server 8.2\bin, C:\Program Files\Docker\Docker\resources\bin, C:\terraform, C:\Program Files\MySQL\MySQL Shell 8.0\bin\, C:\Users\djeuf\AppData\Local\Microsoft\WindowsApps, C:\Users\djeuf\AppData\Local\Programs\Microsoft VS Code\bin, C:\Users\djeuf\Downloads\flutter_windows_2.10.2-stable\flutter\bin, C:\Users\djeuf\.dotnet\tools, C:\Users\djeuf\AppData\Local\Android\Sdk\emulator, C:\Program Files\sf\bin])
16:33:38.477 [main] ERROR org.testcontainers.dockerclient.DockerClientProviderStrategy -- Could not find a valid Docker environment. Please check configuration. Attempted configurations were:
As no valid configuration was found, execution cannot continue.
See https://java.testcontainers.org/on_failure.html for more details.
]]></system-out>
  </testcase>
</testsuite>